<?xml version="1.0" encoding="UTF-8"?>
<testsuite xmlns:xsi="http://www.w3.org/2001/XMLSchema-instance" xsi:noNamespaceSchemaLocation="https://maven.apache.org/surefire/maven-surefire-plugin/xsd/surefire-test-report-3.0.xsd" version="3.0" name="com.yeamgood.azurehelloworld.AzurehelloworldApplicationTests" time="1.206" tests="1" errors="0" skipped="0" failures="0">
  <properties>
    <property name="java.specification.version" value="21"/>
    <property name="sun.jnu.encoding" value="UTF-8"/>
    <property name="java.class.path" value="/Users/tx094862/Developer/Project/azure/java/azurehelloworld/target/test-classes:/Users/tx094862/Developer/Project/azure/java/azurehelloworld/target/classes:/Users/tx094862/Developer/maven/m2/repo/org/springframework/boot/spring-boot-starter-web/3.2.5/spring-boot-starter-web-3.2.5.jar:/Users/tx094862/Developer/maven/m2/repo/org/springframework/boot/spring-boot-starter/3.2.5/spring-boot-starter-3.2.5.jar:/Users/tx094862/Developer/maven/m2/repo/org/springframework/boot/spring-boot/3.2.5/spring-boot-3.2.5.jar:/Users/tx094862/Developer/maven/m2/repo/org/springframework/boot/spring-boot-autoconfigure/3.2.5/spring-boot-autoconfigure-3.2.5.jar:/Users/tx094862/Developer/maven/m2/repo/org/springframework/boot/spring-boot-starter-logging/3.2.5/spring-boot-starter-logging-3.2.5.jar:/Users/tx094862/Developer/maven/m2/repo/ch/qos/logback/logback-classic/1.4.14/logback-classic-1.4.14.jar:/Users/tx094862/Developer/maven/m2/repo/ch/qos/logback/logback-core/1.4.14/logback-core-1.4.14.jar:/Users/tx094862/Developer/maven/m2/repo/org/apache/logging/log4j/log4j-to-slf4j/2.21.1/log4j-to-slf4j-2.21.1.jar:/Users/tx094862/Developer/maven/m2/repo/org/apache/logging/log4j/log4j-api/2.21.1/log4j-api-2.21.1.jar:/Users/tx094862/Developer/maven/m2/repo/org/slf4j/jul-to-slf4j/2.0.13/jul-to-slf4j-2.0.13.jar:/Users/tx094862/Developer/maven/m2/repo/jakarta/annotation/jakarta.annotation-api/2.1.1/jakarta.annotation-api-2.1.1.jar:/Users/tx094862/Developer/maven/m2/repo/org/yaml/snakeyaml/2.2/snakeyaml-2.2.jar:/Users/tx094862/Developer/maven/m2/repo/org/springframework/boot/spring-boot-starter-json/3.2.5/spring-boot-starter-json-3.2.5.jar:/Users/tx094862/Developer/maven/m2/repo/com/fasterxml/jackson/core/jackson-databind/2.15.4/jackson-databind-2.15.4.jar:/Users/tx094862/Developer/maven/m2/repo/com/fasterxml/jackson/core/jackson-annotations/2.15.4/jackson-annotations-2.15.4.jar:/Users/tx094862/Developer/maven/m2/repo/com/fasterxml/jackson/core/jackson-core/2.15.4/jackson-core-2.15.4.jar:/Users/tx094862/Developer/maven/m2/repo/com/fasterxml/jackson/datatype/jackson-datatype-jdk8/2.15.4/jackson-datatype-jdk8-2.15.4.jar:/Users/tx094862/Developer/maven/m2/repo/com/fasterxml/jackson/datatype/jackson-datatype-jsr310/2.15.4/jackson-datatype-jsr310-2.15.4.jar:/Users/tx094862/Developer/maven/m2/repo/com/fasterxml/jackson/module/jackson-module-parameter-names/2.15.4/jackson-module-parameter-names-2.15.4.jar:/Users/tx094862/Developer/maven/m2/repo/org/springframework/boot/spring-boot-starter-tomcat/3.2.5/spring-boot-starter-tomcat-3.2.5.jar:/Users/tx094862/Developer/maven/m2/repo/org/apache/tomcat/embed/tomcat-embed-core/10.1.20/tomcat-embed-core-10.1.20.jar:/Users/tx094862/Developer/maven/m2/repo/org/apache/tomcat/embed/tomcat-embed-el/10.1.20/tomcat-embed-el-10.1.20.jar:/Users/tx094862/Developer/maven/m2/repo/org/apache/tomcat/embed/tomcat-embed-websocket/10.1.20/tomcat-embed-websocket-10.1.20.jar:/Users/tx094862/Developer/maven/m2/repo/org/springframework/spring-web/6.1.6/spring-web-6.1.6.jar:/Users/tx094862/Developer/maven/m2/repo/org/springframework/spring-beans/6.1.6/spring-beans-6.1.6.jar:/Users/tx094862/Developer/maven/m2/repo/io/micrometer/micrometer-observation/1.12.5/micrometer-observation-1.12.5.jar:/Users/tx094862/Developer/maven/m2/repo/io/micrometer/micrometer-commons/1.12.5/micrometer-commons-1.12.5.jar:/Users/tx094862/Developer/maven/m2/repo/org/springframework/spring-webmvc/6.1.6/spring-webmvc-6.1.6.jar:/Users/tx094862/Developer/maven/m2/repo/org/springframework/spring-aop/6.1.6/spring-aop-6.1.6.jar:/Users/tx094862/Developer/maven/m2/repo/org/springframework/spring-context/6.1.6/spring-context-6.1.6.jar:/Users/tx094862/Developer/maven/m2/repo/org/springframework/spring-expression/6.1.6/spring-expression-6.1.6.jar:/Users/tx094862/Developer/maven/m2/repo/org/springframework/boot/spring-boot-starter-test/3.2.5/spring-boot-starter-test-3.2.5.jar:/Users/tx094862/Developer/maven/m2/repo/org/springframework/boot/spring-boot-test/3.2.5/spring-boot-test-3.2.5.jar:/Users/tx094862/Developer/maven/m2/repo/org/springframework/boot/spring-boot-test-autoconfigure/3.2.5/spring-boot-test-autoconfigure-3.2.5.jar:/Users/tx094862/Developer/maven/m2/repo/com/jayway/jsonpath/json-path/2.9.0/json-path-2.9.0.jar:/Users/tx094862/Developer/maven/m2/repo/org/slf4j/slf4j-api/2.0.13/slf4j-api-2.0.13.jar:/Users/tx094862/Developer/maven/m2/repo/jakarta/xml/bind/jakarta.xml.bind-api/4.0.2/jakarta.xml.bind-api-4.0.2.jar:/Users/tx094862/Developer/maven/m2/repo/jakarta/activation/jakarta.activation-api/2.1.3/jakarta.activation-api-2.1.3.jar:/Users/tx094862/Developer/maven/m2/repo/net/minidev/json-smart/2.5.1/json-smart-2.5.1.jar:/Users/tx094862/Developer/maven/m2/repo/net/minidev/accessors-smart/2.5.1/accessors-smart-2.5.1.jar:/Users/tx094862/Developer/maven/m2/repo/org/ow2/asm/asm/9.6/asm-9.6.jar:/Users/tx094862/Developer/maven/m2/repo/org/assertj/assertj-core/3.24.2/assertj-core-3.24.2.jar:/Users/tx094862/Developer/maven/m2/repo/net/bytebuddy/byte-buddy/1.14.13/byte-buddy-1.14.13.jar:/Users/tx094862/Developer/maven/m2/repo/org/awaitility/awaitility/4.2.1/awaitility-4.2.1.jar:/Users/tx094862/Developer/maven/m2/repo/org/hamcrest/hamcrest/2.2/hamcrest-2.2.jar:/Users/tx094862/Developer/maven/m2/repo/org/junit/jupiter/junit-jupiter/5.10.2/junit-jupiter-5.10.2.jar:/Users/tx094862/Developer/maven/m2/repo/org/junit/jupiter/junit-jupiter-api/5.10.2/junit-jupiter-api-5.10.2.jar:/Users/tx094862/Developer/maven/m2/repo/org/opentest4j/opentest4j/1.3.0/opentest4j-1.3.0.jar:/Users/tx094862/Developer/maven/m2/repo/org/junit/platform/junit-platform-commons/1.10.2/junit-platform-commons-1.10.2.jar:/Users/tx094862/Developer/maven/m2/repo/org/apiguardian/apiguardian-api/1.1.2/apiguardian-api-1.1.2.jar:/Users/tx094862/Developer/maven/m2/repo/org/junit/jupiter/junit-jupiter-params/5.10.2/junit-jupiter-params-5.10.2.jar:/Users/tx094862/Developer/maven/m2/repo/org/junit/jupiter/junit-jupiter-engine/5.10.2/junit-jupiter-engine-5.10.2.jar:/Users/tx094862/Developer/maven/m2/repo/org/junit/platform/junit-platform-engine/1.10.2/junit-platform-engine-1.10.2.jar:/Users/tx094862/Developer/maven/m2/repo/org/mockito/mockito-core/5.7.0/mockito-core-5.7.0.jar:/Users/tx094862/Developer/maven/m2/repo/net/bytebuddy/byte-buddy-agent/1.14.13/byte-buddy-agent-1.14.13.jar:/Users/tx094862/Developer/maven/m2/repo/org/objenesis/objenesis/3.3/objenesis-3.3.jar:/Users/tx094862/Developer/maven/m2/repo/org/mockito/mockito-junit-jupiter/5.7.0/mockito-junit-jupiter-5.7.0.jar:/Users/tx094862/Developer/maven/m2/repo/org/skyscreamer/jsonassert/1.5.1/jsonassert-1.5.1.jar:/Users/tx094862/Developer/maven/m2/repo/com/vaadin/external/google/android-json/0.0.20131108.vaadin1/android-json-0.0.20131108.vaadin1.jar:/Users/tx094862/Developer/maven/m2/repo/org/springframework/spring-core/6.1.6/spring-core-6.1.6.jar:/Users/tx094862/Developer/maven/m2/repo/org/springframework/spring-jcl/6.1.6/spring-jcl-6.1.6.jar:/Users/tx094862/Developer/maven/m2/repo/org/springframework/spring-test/6.1.6/spring-test-6.1.6.jar:/Users/tx094862/Developer/maven/m2/repo/org/xmlunit/xmlunit-core/2.9.1/xmlunit-core-2.9.1.jar:"/>
    <property name="java.vm.vendor" value="Oracle Corporation"/>
    <property name="sun.arch.data.model" value="64"/>
    <property name="java.vendor.url" value="https://java.oracle.com/"/>
    <property name="user.timezone" value="Asia/Bangkok"/>
    <property name="os.name" value="Mac OS X"/>
    <property name="java.vm.specification.version" value="21"/>
    <property name="sun.java.launcher" value="SUN_STANDARD"/>
    <property name="user.country" value="US"/>
    <property name="sun.boot.library.path" value="/Users/tx094862/Library/Java/JavaVirtualMachines/openjdk-21.0.2/Contents/Home/lib"/>
    <property name="sun.java.command" value="/Users/tx094862/Developer/Project/azure/java/azurehelloworld/target/surefire/surefirebooter-20240509102222749_3.jar /Users/tx094862/Developer/Project/azure/java/azurehelloworld/target/surefire 2024-05-09T10-22-20_812-jvmRun1 surefire-20240509102222749_1tmp surefire_0-20240509102222749_2tmp"/>
    <property name="jdk.debug" value="release"/>
    <property name="surefire.test.class.path" value="/Users/tx094862/Developer/Project/azure/java/azurehelloworld/target/test-classes:/Users/tx094862/Developer/Project/azure/java/azurehelloworld/target/classes:/Users/tx094862/Developer/maven/m2/repo/org/springframework/boot/spring-boot-starter-web/3.2.5/spring-boot-starter-web-3.2.5.jar:/Users/tx094862/Developer/maven/m2/repo/org/springframework/boot/spring-boot-starter/3.2.5/spring-boot-starter-3.2.5.jar:/Users/tx094862/Developer/maven/m2/repo/org/springframework/boot/spring-boot/3.2.5/spring-boot-3.2.5.jar:/Users/tx094862/Developer/maven/m2/repo/org/springframework/boot/spring-boot-autoconfigure/3.2.5/spring-boot-autoconfigure-3.2.5.jar:/Users/tx094862/Developer/maven/m2/repo/org/springframework/boot/spring-boot-starter-logging/3.2.5/spring-boot-starter-logging-3.2.5.jar:/Users/tx094862/Developer/maven/m2/repo/ch/qos/logback/logback-classic/1.4.14/logback-classic-1.4.14.jar:/Users/tx094862/Developer/maven/m2/repo/ch/qos/logback/logback-core/1.4.14/logback-core-1.4.14.jar:/Users/tx094862/Developer/maven/m2/repo/org/apache/logging/log4j/log4j-to-slf4j/2.21.1/log4j-to-slf4j-2.21.1.jar:/Users/tx094862/Developer/maven/m2/repo/org/apache/logging/log4j/log4j-api/2.21.1/log4j-api-2.21.1.jar:/Users/tx094862/Developer/maven/m2/repo/org/slf4j/jul-to-slf4j/2.0.13/jul-to-slf4j-2.0.13.jar:/Users/tx094862/Developer/maven/m2/repo/jakarta/annotation/jakarta.annotation-api/2.1.1/jakarta.annotation-api-2.1.1.jar:/Users/tx094862/Developer/maven/m2/repo/org/yaml/snakeyaml/2.2/snakeyaml-2.2.jar:/Users/tx094862/Developer/maven/m2/repo/org/springframework/boot/spring-boot-starter-json/3.2.5/spring-boot-starter-json-3.2.5.jar:/Users/tx094862/Developer/maven/m2/repo/com/fasterxml/jackson/core/jackson-databind/2.15.4/jackson-databind-2.15.4.jar:/Users/tx094862/Developer/maven/m2/repo/com/fasterxml/jackson/core/jackson-annotations/2.15.4/jackson-annotations-2.15.4.jar:/Users/tx094862/Developer/maven/m2/repo/com/fasterxml/jackson/core/jackson-core/2.15.4/jackson-core-2.15.4.jar:/Users/tx094862/Developer/maven/m2/repo/com/fasterxml/jackson/datatype/jackson-datatype-jdk8/2.15.4/jackson-datatype-jdk8-2.15.4.jar:/Users/tx094862/Developer/maven/m2/repo/com/fasterxml/jackson/datatype/jackson-datatype-jsr310/2.15.4/jackson-datatype-jsr310-2.15.4.jar:/Users/tx094862/Developer/maven/m2/repo/com/fasterxml/jackson/module/jackson-module-parameter-names/2.15.4/jackson-module-parameter-names-2.15.4.jar:/Users/tx094862/Developer/maven/m2/repo/org/springframework/boot/spring-boot-starter-tomcat/3.2.5/spring-boot-starter-tomcat-3.2.5.jar:/Users/tx094862/Developer/maven/m2/repo/org/apache/tomcat/embed/tomcat-embed-core/10.1.20/tomcat-embed-core-10.1.20.jar:/Users/tx094862/Developer/maven/m2/repo/org/apache/tomcat/embed/tomcat-embed-el/10.1.20/tomcat-embed-el-10.1.20.jar:/Users/tx094862/Developer/maven/m2/repo/org/apache/tomcat/embed/tomcat-embed-websocket/10.1.20/tomcat-embed-websocket-10.1.20.jar:/Users/tx094862/Developer/maven/m2/repo/org/springframework/spring-web/6.1.6/spring-web-6.1.6.jar:/Users/tx094862/Developer/maven/m2/repo/org/springframework/spring-beans/6.1.6/spring-beans-6.1.6.jar:/Users/tx094862/Developer/maven/m2/repo/io/micrometer/micrometer-observation/1.12.5/micrometer-observation-1.12.5.jar:/Users/tx094862/Developer/maven/m2/repo/io/micrometer/micrometer-commons/1.12.5/micrometer-commons-1.12.5.jar:/Users/tx094862/Developer/maven/m2/repo/org/springframework/spring-webmvc/6.1.6/spring-webmvc-6.1.6.jar:/Users/tx094862/Developer/maven/m2/repo/org/springframework/spring-aop/6.1.6/spring-aop-6.1.6.jar:/Users/tx094862/Developer/maven/m2/repo/org/springframework/spring-context/6.1.6/spring-context-6.1.6.jar:/Users/tx094862/Developer/maven/m2/repo/org/springframework/spring-expression/6.1.6/spring-expression-6.1.6.jar:/Users/tx094862/Developer/maven/m2/repo/org/springframework/boot/spring-boot-starter-test/3.2.5/spring-boot-starter-test-3.2.5.jar:/Users/tx094862/Developer/maven/m2/repo/org/springframework/boot/spring-boot-test/3.2.5/spring-boot-test-3.2.5.jar:/Users/tx094862/Developer/maven/m2/repo/org/springframework/boot/spring-boot-test-autoconfigure/3.2.5/spring-boot-test-autoconfigure-3.2.5.jar:/Users/tx094862/Developer/maven/m2/repo/com/jayway/jsonpath/json-path/2.9.0/json-path-2.9.0.jar:/Users/tx094862/Developer/maven/m2/repo/org/slf4j/slf4j-api/2.0.13/slf4j-api-2.0.13.jar:/Users/tx094862/Developer/maven/m2/repo/jakarta/xml/bind/jakarta.xml.bind-api/4.0.2/jakarta.xml.bind-api-4.0.2.jar:/Users/tx094862/Developer/maven/m2/repo/jakarta/activation/jakarta.activation-api/2.1.3/jakarta.activation-api-2.1.3.jar:/Users/tx094862/Developer/maven/m2/repo/net/minidev/json-smart/2.5.1/json-smart-2.5.1.jar:/Users/tx094862/Developer/maven/m2/repo/net/minidev/accessors-smart/2.5.1/accessors-smart-2.5.1.jar:/Users/tx094862/Developer/maven/m2/repo/org/ow2/asm/asm/9.6/asm-9.6.jar:/Users/tx094862/Developer/maven/m2/repo/org/assertj/assertj-core/3.24.2/assertj-core-3.24.2.jar:/Users/tx094862/Developer/maven/m2/repo/net/bytebuddy/byte-buddy/1.14.13/byte-buddy-1.14.13.jar:/Users/tx094862/Developer/maven/m2/repo/org/awaitility/awaitility/4.2.1/awaitility-4.2.1.jar:/Users/tx094862/Developer/maven/m2/repo/org/hamcrest/hamcrest/2.2/hamcrest-2.2.jar:/Users/tx094862/Developer/maven/m2/repo/org/junit/jupiter/junit-jupiter/5.10.2/junit-jupiter-5.10.2.jar:/Users/tx094862/Developer/maven/m2/repo/org/junit/jupiter/junit-jupiter-api/5.10.2/junit-jupiter-api-5.10.2.jar:/Users/tx094862/Developer/maven/m2/repo/org/opentest4j/opentest4j/1.3.0/opentest4j-1.3.0.jar:/Users/tx094862/Developer/maven/m2/repo/org/junit/platform/junit-platform-commons/1.10.2/junit-platform-commons-1.10.2.jar:/Users/tx094862/Developer/maven/m2/repo/org/apiguardian/apiguardian-api/1.1.2/apiguardian-api-1.1.2.jar:/Users/tx094862/Developer/maven/m2/repo/org/junit/jupiter/junit-jupiter-params/5.10.2/junit-jupiter-params-5.10.2.jar:/Users/tx094862/Developer/maven/m2/repo/org/junit/jupiter/junit-jupiter-engine/5.10.2/junit-jupiter-engine-5.10.2.jar:/Users/tx094862/Developer/maven/m2/repo/org/junit/platform/junit-platform-engine/1.10.2/junit-platform-engine-1.10.2.jar:/Users/tx094862/Developer/maven/m2/repo/org/mockito/mockito-core/5.7.0/mockito-core-5.7.0.jar:/Users/tx094862/Developer/maven/m2/repo/net/bytebuddy/byte-buddy-agent/1.14.13/byte-buddy-agent-1.14.13.jar:/Users/tx094862/Developer/maven/m2/repo/org/objenesis/objenesis/3.3/objenesis-3.3.jar:/Users/tx094862/Developer/maven/m2/repo/org/mockito/mockito-junit-jupiter/5.7.0/mockito-junit-jupiter-5.7.0.jar:/Users/tx094862/Developer/maven/m2/repo/org/skyscreamer/jsonassert/1.5.1/jsonassert-1.5.1.jar:/Users/tx094862/Developer/maven/m2/repo/com/vaadin/external/google/android-json/0.0.20131108.vaadin1/android-json-0.0.20131108.vaadin1.jar:/Users/tx094862/Developer/maven/m2/repo/org/springframework/spring-core/6.1.6/spring-core-6.1.6.jar:/Users/tx094862/Developer/maven/m2/repo/org/springframework/spring-jcl/6.1.6/spring-jcl-6.1.6.jar:/Users/tx094862/Developer/maven/m2/repo/org/springframework/spring-test/6.1.6/spring-test-6.1.6.jar:/Users/tx094862/Developer/maven/m2/repo/org/xmlunit/xmlunit-core/2.9.1/xmlunit-core-2.9.1.jar:"/>
    <property name="sun.cpu.endian" value="little"/>
    <property name="user.home" value="/Users/tx094862"/>
    <property name="user.language" value="en"/>
    <property name="java.specification.vendor" value="Oracle Corporation"/>
    <property name="java.version.date" value="2024-01-16"/>
    <property name="java.home" value="/Users/tx094862/Library/Java/JavaVirtualMachines/openjdk-21.0.2/Contents/Home"/>
    <property name="file.separator" value="/"/>
    <property name="basedir" value="/Users/tx094862/Developer/Project/azure/java/azurehelloworld"/>
    <property name="java.vm.compressedOopsMode" value="Zero based"/>
    <property name="line.separator" value="&#10;"/>
    <property name="java.vm.specification.vendor" value="Oracle Corporation"/>
    <property name="java.specification.name" value="Java Platform API Specification"/>
    <property name="FILE_LOG_CHARSET" value="UTF-8"/>
    <property name="java.awt.headless" value="true"/>
    <property name="apple.awt.application.name" value="ForkedBooter"/>
    <property name="surefire.real.class.path" value="/Users/tx094862/Developer/Project/azure/java/azurehelloworld/target/surefire/surefirebooter-20240509102222749_3.jar"/>
    <property name="sun.management.compiler" value="HotSpot 64-Bit Tiered Compilers"/>
    <property name="java.runtime.version" value="21.0.2+13-58"/>
    <property name="user.name" value="tx094862"/>
    <property name="stdout.encoding" value="UTF-8"/>
    <property name="path.separator" value=":"/>
    <property name="os.version" value="13.5"/>
    <property name="java.runtime.name" value="OpenJDK Runtime Environment"/>
    <property name="file.encoding" value="UTF-8"/>
    <property name="java.vm.name" value="OpenJDK 64-Bit Server VM"/>
    <property name="localRepository" value="/Users/tx094862/Developer/maven/m2/repo"/>
    <property name="java.vendor.url.bug" value="https://bugreport.java.com/bugreport/"/>
    <property name="java.io.tmpdir" value="/var/folders/32/ybth84q542q6s7y_60mn988c0000gr/T/"/>
    <property name="idea.version" value="2023.1.4"/>
    <property name="java.version" value="21.0.2"/>
    <property name="user.dir" value="/Users/tx094862/Developer/Project/azure/java/azurehelloworld"/>
    <property name="os.arch" value="aarch64"/>
    <property name="java.vm.specification.name" value="Java Virtual Machine Specification"/>
    <property name="PID" value="89293"/>
    <property name="CONSOLE_LOG_CHARSET" value="UTF-8"/>
    <property name="native.encoding" value="UTF-8"/>
    <property name="java.library.path" value="/Users/tx094862/Library/Java/Extensions:/Library/Java/Extensions:/Network/Library/Java/Extensions:/System/Library/Java/Extensions:/usr/lib/java:."/>
    <property name="java.vm.info" value="mixed mode, sharing"/>
    <property name="stderr.encoding" value="UTF-8"/>
    <property name="java.vendor" value="Oracle Corporation"/>
    <property name="java.vm.version" value="21.0.2+13-58"/>
    <property name="sun.io.unicode.encoding" value="UnicodeBig"/>
    <property name="maven.repo.local" value="/Users/tx094862/Developer/maven/m2/repo"/>
    <property name="java.class.version" value="65.0"/>
    <property name="LOGGED_APPLICATION_NAME" value="[azurehelloworld] "/>
  </properties>
  <testcase name="contextLoads" classname="com.yeamgood.azurehelloworld.AzurehelloworldApplicationTests" time="0.456">
    <system-out><![CDATA[10:22:23.345 [main] INFO org.springframework.test.context.support.AnnotationConfigContextLoaderUtils -- Could not detect default configuration classes for test class [com.yeamgood.azurehelloworld.AzurehelloworldApplicationTests]: AzurehelloworldApplicationTests does not declare any static, non-private, non-final, nested classes annotated with @Configuration.
10:22:23.384 [main] INFO org.springframework.boot.test.context.SpringBootTestContextBootstrapper -- Found @SpringBootConfiguration com.yeamgood.azurehelloworld.AzurehelloworldApplication for test class com.yeamgood.azurehelloworld.AzurehelloworldApplicationTests

  .   ____          _            __ _ _
 /\\ / ___'_ __ _ _(_)_ __  __ _ \ \ \ \
( ( )\___ | '_ | '_| | '_ \/ _` | \ \ \ \
 \\/  ___)| |_)| | | | | || (_| |  ) ) ) )
  '  |____| .__|_| |_|_| |_\__, | / / / /
 =========|_|==============|___/=/_/_/_/
 :: Spring Boot ::                (v3.2.5)

2024-05-09T10:22:23.539+07:00  INFO 89293 --- [azurehelloworld] [           main] c.y.a.AzurehelloworldApplicationTests    : Starting AzurehelloworldApplicationTests using Java 21.0.2 with PID 89293 (started by tx094862 in /Users/tx094862/Developer/Project/azure/java/azurehelloworld)
2024-05-09T10:22:23.539+07:00  INFO 89293 --- [azurehelloworld] [           main] c.y.a.AzurehelloworldApplicationTests    : No active profile set, falling back to 1 default profile: "default"
2024-05-09T10:22:24.008+07:00  INFO 89293 --- [azurehelloworld] [           main] c.y.a.AzurehelloworldApplicationTests    : Started AzurehelloworldApplicationTests in 0.571 seconds (process running for 0.958)
]]></system-out>
    <system-err><![CDATA[WARNING: A Java agent has been loaded dynamically (/Users/tx094862/Developer/maven/m2/repo/net/bytebuddy/byte-buddy-agent/1.14.13/byte-buddy-agent-1.14.13.jar)
WARNING: If a serviceability tool is in use, please run with -XX:+EnableDynamicAgentLoading to hide this warning
WARNING: If a serviceability tool is not in use, please run with -Djdk.instrument.traceUsage for more information
WARNING: Dynamic loading of agents will be disallowed by default in a future release
]]></system-err>
  </testcase>
</testsuite>